<?xml version="1.0" encoding="UTF-8"?>
<testsuites>
  <testsuite name="SuiteAPI\Tests\Services\ProjectsServiceTest" file="/home/kevin/Documents/ksfii_app/suiteAPI/tests/Services/ProjectsServiceTest.php" tests="7" assertions="15" errors="0" warnings="0" failures="0" skipped="1" time="0.031571">
    <testcase name="testCreateProjectSuccess" class="SuiteAPI\Tests\Services\ProjectsServiceTest" classname="SuiteAPI.Tests.Services.ProjectsServiceTest" file="/home/kevin/Documents/ksfii_app/suiteAPI/tests/Services/ProjectsServiceTest.php" line="49" assertions="2" time="0.024275"/>
    <testcase name="testCreateProjectValidationError" class="SuiteAPI\Tests\Services\ProjectsServiceTest" classname="SuiteAPI.Tests.Services.ProjectsServiceTest" file="/home/kevin/Documents/ksfii_app/suiteAPI/tests/Services/ProjectsServiceTest.php" line="72" assertions="1" time="0.001935"/>
    <testcase name="testFindProjectById" class="SuiteAPI\Tests\Services\ProjectsServiceTest" classname="SuiteAPI.Tests.Services.ProjectsServiceTest" file="/home/kevin/Documents/ksfii_app/suiteAPI/tests/Services/ProjectsServiceTest.php" line="87" assertions="2" time="0.000304"/>
    <testcase name="testAddProjectTask" class="SuiteAPI\Tests\Services\ProjectsServiceTest" classname="SuiteAPI.Tests.Services.ProjectsServiceTest" file="/home/kevin/Documents/ksfii_app/suiteAPI/tests/Services/ProjectsServiceTest.php" line="109" assertions="0" time="0.001414">
      <skipped/>
    </testcase>
    <testcase name="testGetProjectStatus" class="SuiteAPI\Tests\Services\ProjectsServiceTest" classname="SuiteAPI.Tests.Services.ProjectsServiceTest" file="/home/kevin/Documents/ksfii_app/suiteAPI/tests/Services/ProjectsServiceTest.php" line="143" assertions="5" time="0.002893"/>
    <testcase name="testRelationshipValidation" class="SuiteAPI\Tests\Services\ProjectsServiceTest" classname="SuiteAPI.Tests.Services.ProjectsServiceTest" file="/home/kevin/Documents/ksfii_app/suiteAPI/tests/Services/ProjectsServiceTest.php" line="173" assertions="3" time="0.000568"/>
    <testcase name="testBusinessLogicValidation" class="SuiteAPI\Tests\Services\ProjectsServiceTest" classname="SuiteAPI.Tests.Services.ProjectsServiceTest" file="/home/kevin/Documents/ksfii_app/suiteAPI/tests/Services/ProjectsServiceTest.php" line="195" assertions="2" time="0.000184"/>
  </testsuite>
</testsuites>
